07-Mar-2026 16:01:08.424 INFO [main] org.apache.catalina.startup.VersionLoggerListener.log Server version:        Apache Tomcat/8.0.32
07-Mar-2026 16:01:08.425 INFO [main] org.apache.catalina.startup.VersionLoggerListener.log Server built:          Feb 2 2016 19:34:53 UTC
07-Mar-2026 16:01:08.425 INFO [main] org.apache.catalina.startup.VersionLoggerListener.log Server number:         8.0.32.0
07-Mar-2026 16:01:08.425 INFO [main] org.apache.catalina.startup.VersionLoggerListener.log OS Name:               Linux
07-Mar-2026 16:01:08.425 INFO [main] org.apache.catalina.startup.VersionLoggerListener.log OS Version:            6.6.87.2-microsoft-standard-WSL2
07-Mar-2026 16:01:08.426 INFO [main] org.apache.catalina.startup.VersionLoggerListener.log Architecture:          amd64
07-Mar-2026 16:01:08.426 INFO [main] org.apache.catalina.startup.VersionLoggerListener.log Java Home:             /opt/java/openjdk/jre
07-Mar-2026 16:01:08.427 INFO [main] org.apache.catalina.startup.VersionLoggerListener.log JVM Version:           1.8.0_322-b06
07-Mar-2026 16:01:08.427 INFO [main] org.apache.catalina.startup.VersionLoggerListener.log JVM Vendor:            Temurin
07-Mar-2026 16:01:08.427 INFO [main] org.apache.catalina.startup.VersionLoggerListener.log CATALINA_BASE:         /apache-tomcat-8.0.32
07-Mar-2026 16:01:08.427 INFO [main] org.apache.catalina.startup.VersionLoggerListener.log CATALINA_HOME:         /apache-tomcat-8.0.32
07-Mar-2026 16:01:08.427 INFO [main] org.apache.catalina.startup.VersionLoggerListener.log Command line argument: -Djava.util.logging.config.file=/apache-tomcat-8.0.32/conf/logging.properties
07-Mar-2026 16:01:08.428 INFO [main] org.apache.catalina.startup.VersionLoggerListener.log Command line argument: -Djava.util.logging.manager=org.apache.juli.ClassLoaderLogManager
07-Mar-2026 16:01:08.428 INFO [main] org.apache.catalina.startup.VersionLoggerListener.log Command line argument: -Djava.endorsed.dirs=/apache-tomcat-8.0.32/endorsed
07-Mar-2026 16:01:08.428 INFO [main] org.apache.catalina.startup.VersionLoggerListener.log Command line argument: -Dcatalina.base=/apache-tomcat-8.0.32
07-Mar-2026 16:01:08.428 INFO [main] org.apache.catalina.startup.VersionLoggerListener.log Command line argument: -Dcatalina.home=/apache-tomcat-8.0.32
07-Mar-2026 16:01:08.428 INFO [main] org.apache.catalina.startup.VersionLoggerListener.log Command line argument: -Djava.io.tmpdir=/apache-tomcat-8.0.32/temp
07-Mar-2026 16:01:08.428 INFO [main] org.apache.catalina.core.AprLifecycleListener.lifecycleEvent The APR based Apache Tomcat Native library which allows optimal performance in production environments was not found on the java.library.path: /opt/java/openjdk/jre/lib/amd64/server:/opt/java/openjdk/jre/lib/amd64:/opt/java/openjdk/jre/../lib/amd64:/usr/java/packages/lib/amd64:/usr/lib64:/lib64:/lib:/usr/lib
07-Mar-2026 16:01:08.644 INFO [main] org.apache.coyote.AbstractProtocol.init Initializing ProtocolHandler ["http-nio-8080"]
07-Mar-2026 16:01:08.659 INFO [main] org.apache.tomcat.util.net.NioSelectorPool.getSharedSelector Using a shared selector for servlet write/read
07-Mar-2026 16:01:08.664 INFO [main] org.apache.coyote.AbstractProtocol.init Initializing ProtocolHandler ["ajp-nio-8009"]
07-Mar-2026 16:01:08.668 INFO [main] org.apache.tomcat.util.net.NioSelectorPool.getSharedSelector Using a shared selector for servlet write/read
07-Mar-2026 16:01:08.668 INFO [main] org.apache.catalina.startup.Catalina.load Initialization processed in 798 ms
07-Mar-2026 16:01:08.725 INFO [main] org.apache.catalina.core.StandardService.startInternal Starting service Catalina
07-Mar-2026 16:01:08.725 INFO [main] org.apache.catalina.core.StandardEngine.startInternal Starting Servlet Engine: Apache Tomcat/8.0.32
07-Mar-2026 16:01:08.797 INFO [localhost-startStop-1] org.apache.catalina.startup.HostConfig.deployWAR Deploying web application archive /apache-tomcat-8.0.32/webapps/ode.war
07-Mar-2026 16:01:59.859 INFO [localhost-startStop-1] org.apache.jasper.servlet.TldScanner.scanJars At least one JAR was scanned for TLDs yet contained no TLDs. Enable debug logging for this logger for a complete list of JARs that were scanned but no TLDs were found in them. Skipping unneeded JARs during scanning can improve startup time and JSP compilation time.
07-Mar-2026 16:02:26.947 INFO [localhost-startStop-1] org.apache.catalina.startup.HostConfig.deployWAR Deployment of web application archive /apache-tomcat-8.0.32/webapps/ode.war has finished in 78,150 ms
07-Mar-2026 16:02:26.950 INFO [localhost-startStop-1] org.apache.catalina.startup.HostConfig.deployDirectory Deploying web application directory /apache-tomcat-8.0.32/webapps/docs
07-Mar-2026 16:02:27.077 INFO [localhost-startStop-1] org.apache.catalina.startup.HostConfig.deployDirectory Deployment of web application directory /apache-tomcat-8.0.32/webapps/docs has finished in 127 ms
07-Mar-2026 16:02:27.077 INFO [localhost-startStop-1] org.apache.catalina.startup.HostConfig.deployDirectory Deploying web application directory /apache-tomcat-8.0.32/webapps/examples
07-Mar-2026 16:02:30.568 INFO [localhost-startStop-1] org.apache.catalina.startup.HostConfig.deployDirectory Deployment of web application directory /apache-tomcat-8.0.32/webapps/examples has finished in 3,491 ms
07-Mar-2026 16:02:30.569 INFO [localhost-startStop-1] org.apache.catalina.startup.HostConfig.deployDirectory Deploying web application directory /apache-tomcat-8.0.32/webapps/host-manager
07-Mar-2026 16:02:30.680 INFO [localhost-startStop-1] org.apache.catalina.startup.HostConfig.deployDirectory Deployment of web application directory /apache-tomcat-8.0.32/webapps/host-manager has finished in 111 ms
07-Mar-2026 16:02:30.680 INFO [localhost-startStop-1] org.apache.catalina.startup.HostConfig.deployDirectory Deploying web application directory /apache-tomcat-8.0.32/webapps/manager
07-Mar-2026 16:02:30.858 INFO [localhost-startStop-1] org.apache.catalina.startup.HostConfig.deployDirectory Deployment of web application directory /apache-tomcat-8.0.32/webapps/manager has finished in 178 ms
07-Mar-2026 16:02:30.858 INFO [localhost-startStop-1] org.apache.catalina.startup.HostConfig.deployDirectory Deploying web application directory /apache-tomcat-8.0.32/webapps/ROOT
07-Mar-2026 16:02:30.940 INFO [localhost-startStop-1] org.apache.catalina.startup.HostConfig.deployDirectory Deployment of web application directory /apache-tomcat-8.0.32/webapps/ROOT has finished in 82 ms
07-Mar-2026 16:02:30.946 INFO [main] org.apache.coyote.AbstractProtocol.start Starting ProtocolHandler ["http-nio-8080"]
07-Mar-2026 16:02:30.955 INFO [main] org.apache.coyote.AbstractProtocol.start Starting ProtocolHandler ["ajp-nio-8009"]
07-Mar-2026 16:02:30.956 INFO [main] org.apache.catalina.startup.Catalina.start Server startup in 82291 ms
07-Mar-2026 16:02:46.753 INFO [Thread-13] org.apache.coyote.AbstractProtocol.pause Pausing ProtocolHandler ["http-nio-8080"]
07-Mar-2026 16:02:46.804 INFO [Thread-13] org.apache.coyote.AbstractProtocol.pause Pausing ProtocolHandler ["ajp-nio-8009"]
07-Mar-2026 16:02:46.855 INFO [Thread-13] org.apache.catalina.core.StandardService.stopInternal Stopping service Catalina
07-Mar-2026 16:02:47.315 WARNING [localhost-startStop-2] org.apache.catalina.loader.WebappClassLoaderBase.clearReferencesJdbc The web application [ode] registered the JDBC driver [org.apache.derby.jdbc.AutoloadedDriver] but failed to unregister it when the web application was stopped. To prevent a memory leak, the JDBC Driver has been forcibly unregistered.
07-Mar-2026 16:02:47.316 WARNING [localhost-startStop-2] org.apache.catalina.loader.WebappClassLoaderBase.clearReferencesThreads The web application [ode] appears to have started a thread named [Timer-1] but has failed to stop it. This is very likely to create a memory leak. Stack trace of thread:
 java.lang.Object.wait(Native Method)
 java.util.TimerThread.mainLoop(Timer.java:552)
 java.util.TimerThread.run(Timer.java:505)
07-Mar-2026 16:02:47.316 SEVERE [localhost-startStop-2] org.apache.catalina.loader.WebappClassLoaderBase.checkThreadLocalMapForLeaks The web application [ode] created a ThreadLocal with key of type [org.apache.xmlbeans.XmlBeans$1] (value [org.apache.xmlbeans.XmlBeans$1@204bcfc5]) and a value of type [java.lang.ref.SoftReference] (value [java.lang.ref.SoftReference@2687b3a1]) but failed to remove it when the web application was stopped. Threads are going to be renewed over time to try and avoid a probable memory leak.
07-Mar-2026 16:02:47.316 SEVERE [localhost-startStop-2] org.apache.catalina.loader.WebappClassLoaderBase.checkThreadLocalMapForLeaks The web application [ode] created a ThreadLocal with key of type [java.lang.ThreadLocal] (value [java.lang.ThreadLocal@4ad67152]) and a value of type [org.apache.derby.iapi.services.context.ContextManager] (value [org.apache.derby.iapi.services.context.ContextManager@223a182e]) but failed to remove it when the web application was stopped. Threads are going to be renewed over time to try and avoid a probable memory leak.
07-Mar-2026 16:02:47.316 SEVERE [localhost-startStop-2] org.apache.catalina.loader.WebappClassLoaderBase.checkThreadLocalMapForLeaks The web application [ode] created a ThreadLocal with key of type [org.apache.xmlbeans.impl.schema.SchemaTypeLoaderImpl$SchemaTypeLoaderCache$1] (value [org.apache.xmlbeans.impl.schema.SchemaTypeLoaderImpl$SchemaTypeLoaderCache$1@2c8b3004]) and a value of type [java.util.ArrayList] (value [[java.lang.ref.SoftReference@52c0f7b7]]) but failed to remove it when the web application was stopped. Threads are going to be renewed over time to try and avoid a probable memory leak.
07-Mar-2026 16:02:47.329 INFO [Thread-13] org.apache.coyote.AbstractProtocol.stop Stopping ProtocolHandler ["http-nio-8080"]
07-Mar-2026 16:02:47.332 INFO [Thread-13] org.apache.coyote.AbstractProtocol.stop Stopping ProtocolHandler ["ajp-nio-8009"]
07-Mar-2026 16:02:47.373 INFO [Thread-13] org.apache.coyote.AbstractProtocol.destroy Destroying ProtocolHandler ["http-nio-8080"]
07-Mar-2026 16:02:47.374 INFO [Thread-13] org.apache.coyote.AbstractProtocol.destroy Destroying ProtocolHandler ["ajp-nio-8009"]
